<?xml version="1.0" encoding="UTF-8"?>
<!-- Generated by org.testng.reporters.JUnitReportReporter -->
<testsuite hostname="DESKTOP-83BCG0J" failures="0" tests="4" name="testn12.listener1233" time="0.039" errors="0" timestamp="2023-08-24T15:42:58 IST" skipped="0">
  <testcase classname="testn12.listener1233" name="method4" time="0.010"/>
  <testcase classname="testn12.listener1233" name="method3" time="0.015"/>
  <testcase classname="testn12.listener1233" name="method2" time="0.006"/>
  <testcase classname="testn12.listener1233" name="method1" time="0.008"/>
</testsuite> <!-- testn12.listener1233 -->
