<?xml version="1.0" encoding="UTF-8"?>
<!-- Generated by org.testng.reporters.JUnitReportReporter -->
<testsuite hostname="DESKTOP-83BCG0J" failures="0" tests="2" name="testn12.Iannatation" time="0.017" errors="0" timestamp="2023-08-25T11:56:21 IST" skipped="0">
  <testcase classname="testn12.Iannatation" name="t2" time="0.003"/>
  <testcase classname="testn12.Iannatation" name="t1" time="0.014"/>
</testsuite> <!-- testn12.Iannatation -->
