<?xml version="1.0" encoding="UTF-8"?>
<!-- Generated by org.testng.reporters.JUnitReportReporter -->
<testsuite hostname="DESKTOP-83BCG0J" failures="0" tests="3" name="testn12.basicpgm" time="0.033" errors="0" timestamp="2023-08-14T16:21:10 IST" skipped="0">
  <testcase classname="testn12.basicpgm" name="login" time="0.027"/>
  <testcase classname="testn12.basicpgm" name="cart" time="0.003"/>
  <testcase classname="testn12.basicpgm" name="payment" time="0.003"/>
</testsuite> <!-- testn12.basicpgm -->
