<?xml version="1.0" encoding="UTF-8"?>
<!-- Generated by org.testng.reporters.JUnitReportReporter -->
<testsuite hostname="DESKTOP-83BCG0J" failures="0" tests="1" name="testn12.Hardassertion" time="9.078" errors="0" timestamp="2023-08-22T12:25:34 IST" skipped="0">
  <testcase classname="testn12.Hardassertion" name="test" time="9.078"/>
</testsuite> <!-- testn12.Hardassertion -->
