<?xml version="1.0" encoding="UTF-8"?>
<!-- Generated by org.testng.reporters.JUnitReportReporter -->
<testsuite hostname="DESKTOP-83BCG0J" failures="0" tests="2" name="Testng.test1" time="0.020" errors="0" timestamp="2023-08-10T11:40:01 IST" skipped="0">
  <testcase classname="Testng.test1" name="mani" time="0.017"/>
  <testcase classname="Testng.test1" name="babu" time="0.003"/>
</testsuite> <!-- Testng.test1 -->
